id	priority	createdTime	startedTime	terminatedTime	cpuTime	blockedTime	turnaroundTime	waitingTime	responseTime
1	0	0	0	2	2	0	2	0	0
3	0	165	165	171	6	0	6	0	0
2	0	103	103	188	76	3	85	6	0
4	0	195	195	355	105	55	160	0	0
5	0	407	407	485	62	16	78	0	0
6	0	631	631	722	91	0	91	0	0
7	0	805	805	880	68	6	75	1	0
8	0	872	872	895	16	0	23	7	0
9	0	873	895	974	49	30	101	22	22
10	0	1044	1044	1112	61	7	68	0	0
12	0	1236	1236	1421	93	3	185	89	0
14	0	1322	1359	1467	56	6	145	83	37
11	0	1217	1217	1518	44	12	301	245	0
15	0	1447	1475	1571	59	8	124	57	28
16	0	1475	1518	1576	15	0	101	86	43
17	0	1649	1649	1693	37	7	44	0	0
13	0	1255	1269	1745	223	17	490	250	14
18	0	2019	2019	2077	56	2	58	0	0
19	0	2223	2223	2292	40	29	69	0	0
20	0	2319	2319	2388	69	0	69	0	0
0	0	0	0	2388	1160	0	2388	1228	0
